<?xml version="1.0" encoding="UTF-8"?>
<testng-results skipped="0" failed="0" ignored="0" total="1" passed="1">
  <reporter-output>
  </reporter-output>
  <suite name="ActiTime Automation" duration-ms="123867" started-at="2021-09-04T19:29:54 IST" finished-at="2021-09-04T19:31:58 IST">
    <groups>
    </groups>
    <test name="ActiTime Automation tests" duration-ms="123867" started-at="2021-09-04T19:29:54 IST" finished-at="2021-09-04T19:31:58 IST">
      <class name="com.sgtesting.actitime.driverscript.DriverScript">
        <test-method status="PASS" signature="startAutomationSuite()[pri:0, instance:com.sgtesting.actitime.driverscript.DriverScript@4524411f]" name="startAutomationSuite" is-config="true" duration-ms="23" started-at="2021-09-04T19:29:54 IST" finished-at="2021-09-04T19:29:54 IST">
          <reporter-output>
          </reporter-output>
        </test-method> <!-- startAutomationSuite -->
        <test-method status="PASS" signature="loadFiles()[pri:0, instance:com.sgtesting.actitime.driverscript.DriverScript@4524411f]" name="loadFiles" is-config="true" duration-ms="6" started-at="2021-09-04T19:29:54 IST" finished-at="2021-09-04T19:29:54 IST">
          <reporter-output>
          </reporter-output>
        </test-method> <!-- loadFiles -->
        <test-method status="PASS" signature="executeTestScenarios()[pri:0, instance:com.sgtesting.actitime.driverscript.DriverScript@4524411f]" name="executeTestScenarios" duration-ms="123817" started-at="2021-09-04T19:29:54 IST" finished-at="2021-09-04T19:31:58 IST">
          <reporter-output>
          </reporter-output>
        </test-method> <!-- executeTestScenarios -->
        <test-method status="PASS" signature="endAutomationSuite()[pri:0, instance:com.sgtesting.actitime.driverscript.DriverScript@4524411f]" name="endAutomationSuite" is-config="true" duration-ms="27" started-at="2021-09-04T19:31:58 IST" finished-at="2021-09-04T19:31:58 IST">
          <reporter-output>
          </reporter-output>
        </test-method> <!-- endAutomationSuite -->
      </class> <!-- com.sgtesting.actitime.driverscript.DriverScript -->
    </test> <!-- ActiTime Automation tests -->
  </suite> <!-- ActiTime Automation -->
</testng-results>
